<?xml version="1.0" encoding="UTF-8"?>
<testng-results ignored="0" total="1" passed="1" failed="0" skipped="0">
  <reporter-output>
  </reporter-output>
  <suite started-at="2023-12-27T13:53:43 IST" name="Suite" finished-at="2023-12-27T13:54:44 IST" duration-ms="60911">
    <groups>
    </groups>
    <test started-at="2023-12-27T13:53:43 IST" name="Test" finished-at="2023-12-27T13:54:44 IST" duration-ms="60911">
      <class name="Selenium_Jenkins_Ex.LoginandLogout">
        <test-method is-config="true" signature="setup()[pri:0, instance:Selenium_Jenkins_Ex.LoginandLogout@e15b7e8]" started-at="2023-12-27T13:53:43 IST" name="setup" finished-at="2023-12-27T13:54:18 IST" duration-ms="35022" status="PASS">
          <reporter-output>
          </reporter-output>
        </test-method> <!-- setup -->
        <test-method signature="verifyLogin()[pri:0, instance:Selenium_Jenkins_Ex.LoginandLogout@e15b7e8]" started-at="2023-12-27T13:54:18 IST" name="verifyLogin" finished-at="2023-12-27T13:54:38 IST" duration-ms="20203" status="PASS">
          <reporter-output>
          </reporter-output>
        </test-method> <!-- verifyLogin -->
        <test-method is-config="true" signature="teardown()[pri:0, instance:Selenium_Jenkins_Ex.LoginandLogout@e15b7e8]" started-at="2023-12-27T13:54:38 IST" name="teardown" finished-at="2023-12-27T13:54:44 IST" duration-ms="5605" status="PASS">
          <reporter-output>
          </reporter-output>
        </test-method> <!-- teardown -->
      </class> <!-- Selenium_Jenkins_Ex.LoginandLogout -->
    </test> <!-- Test -->
  </suite> <!-- Suite -->
</testng-results>
